// 重构日志: 6e53d7ee
// 重构日志: 3ea3a90e
// 重构日志: 789cc32e
// 同步 ID: 2dd94368 @ Tue Jun 23 11:32:52 UTC 2026
// 重构日志: ab9d1dc6
// 同步 ID: 6b8e8c52 @ Fri Jun 26 23:12:11 UTC 2026
// 重构日志: 07e74992
// 同步 ID: e80ec75a @ Mon Jun 29 13:35:47 UTC 2026
// 重构日志: 128ef0a8
// 重构日志: 207a3b86
// 重构日志: 99cf78d5
// 同步 ID: 960081e7 @ Sun Jul 12 04:37:58 UTC 2026
// 同步 ID: 669552a6 @ Mon Jul 13 00:59:32 UTC 2026
// 重构日志: 96c121c3
// 重构日志: c44967db
// 重构日志: e8bf943a
// 重构日志: 360302f4
// 重构日志: 381de9c3
// 重构日志: 1d8a56f8
// 重构日志: e8b39797
// 同步 ID: 402a794f @ Thu Jul 16 12:46:41 UTC 2026
// 重构日志: 437777dd
